<?xml version="1.0" encoding="UTF-8"?>
<!-- Generated by org.testng.reporters.JUnitReportReporter -->
<testsuite skipped="0" hostname="sms-MacBook-Air.home" name="logOutFaceBook.LogoutFaceBook" tests="1" failures="0" timestamp="27 May 2017 19:48:40 GMT" time="19.344" errors="0">
  <testcase name="faceBookLogout" time="19.344" classname="logOutFaceBook.LogoutFaceBook"/>
</testsuite> <!-- logOutFaceBook.LogoutFaceBook -->
