<?xml version="1.0" encoding="UTF-8"?>
<!-- Generated by org.testng.reporters.JUnitReportReporter -->
<testsuite skipped="0" hostname="sms-MacBook-Air.home" name="page.Page" tests="1" failures="0" timestamp="27 May 2017 19:48:40 GMT" time="9.447" errors="0">
  <testcase name="creatFaceBookPage" time="9.447" classname="page.Page"/>
</testsuite> <!-- page.Page -->
