<?xml version="1.0" encoding="UTF-8"?>
<!-- Generated by org.testng.reporters.JUnitReportReporter -->
<testsuite skipped="0" hostname="sms-MacBook-Air.home" name="register.Register" tests="1" failures="0" timestamp="27 May 2017 03:19:16 GMT" time="11.536" errors="0">
  <testcase name="login" time="11.536" classname="register.Register"/>
</testsuite> <!-- register.Register -->
