<?xml version="1.0" encoding="UTF-8"?>
<!-- Generated by org.testng.reporters.JUnitReportReporter -->
<testsuite skipped="0" hostname="sms-MacBook-Air.home" name="login.Login" tests="1" failures="0" timestamp="27 May 2017 03:53:18 GMT" time="8.984" errors="0">
  <testcase name="login" time="8.984" classname="login.Login"/>
</testsuite> <!-- login.Login -->
