<?xml version="1.0" encoding="UTF-8"?>
<!-- Generated by org.testng.reporters.JUnitReportReporter -->
<testsuite skipped="0" hostname="sms-MacBook-Air.home" name="CommentOnPost.commentOnPost" tests="1" failures="0" timestamp="28 May 2017 04:55:29 GMT" time="16.356" errors="0">
  <testcase name="writeComment" time="16.356" classname="CommentOnPost.commentOnPost"/>
</testsuite> <!-- CommentOnPost.commentOnPost -->
