<?xml version="1.0" encoding="UTF-8"?>
<!-- Generated by org.testng.reporters.JUnitReportReporter -->
<testsuite skipped="0" hostname="sms-MacBook-Air.home" name="likeFriendPost.post" tests="1" failures="0" timestamp="28 May 2017 04:25:07 GMT" time="15.798" errors="0">
  <testcase name="likePost" time="15.798" classname="likeFriendPost.post"/>
</testsuite> <!-- likeFriendPost.post -->
