<?xml version="1.0" encoding="UTF-8"?>
<!-- Generated by org.testng.reporters.JUnitReportReporter -->
<testsuite skipped="0" hostname="sms-MacBook-Air.home" name="AcceptFriendRequest.acceptFriendRequest" tests="1" failures="0" timestamp="28 May 2017 06:05:38 GMT" time="41.742" errors="0">
  <testcase name="confirmRequest" time="41.742" classname="AcceptFriendRequest.acceptFriendRequest"/>
</testsuite> <!-- AcceptFriendRequest.acceptFriendRequest -->
